<?xml version="1.0" encoding="UTF-8"?>
<!-- Generated by org.testng.reporters.JUnitReportReporter -->
<testsuite hostname="david-xubuntu" name="com.david.simple_testing.modelTests.CreateTestWithSteps" tests="4" failures="0" timestamp="8 May 2016 19:22:13 GMT" time="0.004" errors="0">
  <testcase name="createTest" time="0.001" classname="com.david.simple_testing.modelTests.CreateTestWithSteps"/>
  <testcase name="checkTestDescription" time="0.002" classname="com.david.simple_testing.modelTests.CreateTestWithSteps"/>
  <testcase name="checkTestSteps" time="0.000" classname="com.david.simple_testing.modelTests.CreateTestWithSteps"/>
  <testcase name="checkTestName" time="0.001" classname="com.david.simple_testing.modelTests.CreateTestWithSteps"/>
</testsuite> <!-- com.david.simple_testing.modelTests.CreateTestWithSteps -->
