<?xml version="1.0" encoding="UTF-8"?>
<!-- Generated by org.testng.reporters.JUnitReportReporter -->
<testsuite hostname="david-xubuntu" name="com.david.simple_testing.utilitiesTests.DatabaseConnectionTest" tests="4" failures="0" timestamp="8 May 2016 19:22:13 GMT" time="0.310" errors="0">
  <testcase name="testDatabaseConnection" time="0.299" classname="com.david.simple_testing.utilitiesTests.DatabaseConnectionTest"/>
  <testcase name="testDatabaseDisconnect" time="0.000" classname="com.david.simple_testing.utilitiesTests.DatabaseConnectionTest"/>
  <testcase name="testDatabaseRead" time="0.004" classname="com.david.simple_testing.utilitiesTests.DatabaseConnectionTest"/>
  <testcase name="testDatabaseKeepConnectionOpen" time="0.007" classname="com.david.simple_testing.utilitiesTests.DatabaseConnectionTest"/>
</testsuite> <!-- com.david.simple_testing.utilitiesTests.DatabaseConnectionTest -->
